
##### DIFF #####
DESCRIPTION file edited with following differences
###############

11c11
< Imports: BiocGenerics (>= 0.18.0), VariantAnnotation (>= 1.16.4),
---
> Imports: BiocGenerics (>= 0.16.1), VariantAnnotation (>= 1.16.4),

##### INFO #####
Building package under R version 3.2.3 (2015-12-10) -- "Wooden Christmas-Tree"
Copyright (C) 2015 The R Foundation for Statistical Computing
Platform: x86_64-pc-linux-gnu (64-bit)

R is free software and comes with ABSOLUTELY NO WARRANTY.
You are welcome to redistribute it under the terms of the
GNU General Public License versions 2 or 3.
For more information about these matters see
http://www.gnu.org/licenses/.
###############

* installing to library ‘~/R/R-3.2.3-shlib/lib64/R/library’
* installing *source* package ‘MutationalPatterns’ ...
** R
** preparing package for lazy loading
Warning: replacing previous import by ‘ggplot2::unit’ when loading ‘NMF’
Warning: replacing previous import by ‘ggplot2::arrow’ when loading ‘NMF’
Note: the specification for S3 class “cluster” in package ‘BiocParallel’ seems equivalent to one from package ‘NMF’: not turning on duplicate class definitions for this class.
Note: the specification for S3 class “AsIs” in package ‘DBI’ seems equivalent to one from package ‘BiocGenerics’: not turning on duplicate class definitions for this class.
** help
*** installing help indices
** building package indices
** testing if installed package can be loaded
Warning: replacing previous import by ‘ggplot2::unit’ when loading ‘NMF’
Warning: replacing previous import by ‘ggplot2::arrow’ when loading ‘NMF’
Note: the specification for S3 class “cluster” in package ‘BiocParallel’ seems equivalent to one from package ‘NMF’: not turning on duplicate class definitions for this class.
Note: the specification for S3 class “AsIs” in package ‘DBI’ seems equivalent to one from package ‘BiocGenerics’: not turning on duplicate class definitions for this class.
* creating tarball
Warning: invalid uid value replaced by that for user 'nobody'
Warning: invalid gid value replaced by that for user 'nobody'
packaged installation of ‘MutationalPatterns’ as ‘MutationalPatterns_0.2_R_x86_64-pc-linux-gnu.tar.gz’
* DONE (MutationalPatterns)

##### STATUS #####
Completed building package with exit code 0
###############

