diff --git a/DESCRIPTION b/DESCRIPTION
index 3f478e9..6c8f78a 100644
--- a/DESCRIPTION
+++ b/DESCRIPTION
@@ -8,11 +8,11 @@ Author: Francis Blokzijl, Roel Janssen, Ruben van Boxtel, Edwin Cuppen
 Maintainer: Francis Blokzijl <F.Blokzijl@umcutrecht.nl>, Roel Janssen <roel@gnu.org>
 License: MIT + file LICENSE
 URL: https://github.com/CuppenResearch/MutationalPatterns
-Imports: BiocGenerics (>= 0.18.0), VariantAnnotation (>= 1.18.1),
-       reshape2 (>= 1.4.1), plyr (>= 1.8.3), ggplot2 (>= 2.1.0),
-       pracma (>= 1.8.8), SummarizedExperiment (>= 1.2.2), IRanges (>= 2.6.0),
-       GenomeInfoDb (>= 1.8.1), Biostrings (>= 2.40.0), gridExtra (>= 2.2.1)
-Depends: R (>= 3.3.0), graphics, stats, GenomicRanges (>= 1.24.0), NMF (>= 0.20.6)
+Imports: BiocGenerics (>= 0.16.1), VariantAnnotation (>= 1.16.4),
+       reshape2 (>= 1.4.1), plyr (>= 1.8.3), ggplot2 (>= 1.0.1),
+       pracma (>= 1.8.8), SummarizedExperiment (>= 1.0.2), IRanges (>= 2.4.8),
+       GenomeInfoDb (>= 1.6.3), Biostrings (>= 2.38.4), gridExtra (>= 2.0.0)
+Depends: R (>= 3.2.2), graphics, stats, GenomicRanges (>= 1.22.4), NMF (>= 0.20.6)
 Suggests: BSgenome (>= 1.40.0)
 biocViews: VariantAnnotation, GenomicRanges, IRanges, BSgenome, BiocGenerics
 ZipData: NA
